<?xml version="1.0" encoding="UTF-8"?>
<testng-results ignored="0" total="4" passed="3" failed="1" skipped="0">
  <reporter-output>
  </reporter-output>
  <suite started-at="2022-09-16T16:15:53 CST" name="Default suite" finished-at="2022-09-16T16:16:12 CST" duration-ms="19057">
    <groups>
    </groups>
    <test started-at="2022-09-16T16:15:53 CST" name="Default test" finished-at="2022-09-16T16:16:12 CST" duration-ms="19057">
      <class name="NasaAPI">
        <test-method signature="photoComparison()[pri:0, instance:NasaAPI@32b260fa]" started-at="2022-09-16T16:15:53 CST" name="photoComparison" finished-at="2022-09-16T16:16:00 CST" duration-ms="7411" status="PASS">
          <reporter-output>
          </reporter-output>
        </test-method> <!-- photoComparison -->
        <test-method signature="photosOnEarthDate()[pri:0, instance:NasaAPI@32b260fa]" started-at="2022-09-16T16:16:00 CST" name="photosOnEarthDate" finished-at="2022-09-16T16:16:04 CST" duration-ms="3994" status="PASS">
          <reporter-output>
          </reporter-output>
        </test-method> <!-- photosOnEarthDate -->
        <test-method signature="photosOnMartianSol()[pri:0, instance:NasaAPI@32b260fa]" started-at="2022-09-16T16:16:04 CST" name="photosOnMartianSol" finished-at="2022-09-16T16:16:06 CST" duration-ms="2046" status="PASS">
          <reporter-output>
          </reporter-output>
        </test-method> <!-- photosOnMartianSol -->
        <test-method signature="pictureAmount()[pri:0, instance:NasaAPI@32b260fa]" started-at="2022-09-16T16:16:06 CST" name="pictureAmount" finished-at="2022-09-16T16:16:12 CST" duration-ms="5555" status="FAIL">
          <exception class="java.lang.AssertionError">
            <message>
              <![CDATA[There amount of Curiosity photos is not greater expected [true] but found [false]]]>
            </message>
            <full-stacktrace>
              <![CDATA[java.lang.AssertionError: There amount of Curiosity photos is not greater expected [true] but found [false]
at org.testng.Assert.fail(Assert.java:110)
at org.testng.Assert.failNotEquals(Assert.java:1413)
at org.testng.Assert.assertTrue(Assert.java:56)
at NasaAPI.pictureAmount(NasaAPI.java:156)
at java.base/jdk.internal.reflect.NativeMethodAccessorImpl.invoke0(Native Method)
at java.base/jdk.internal.reflect.NativeMethodAccessorImpl.invoke(NativeMethodAccessorImpl.java:77)
at java.base/jdk.internal.reflect.DelegatingMethodAccessorImpl.invoke(DelegatingMethodAccessorImpl.java:43)
at java.base/java.lang.reflect.Method.invoke(Method.java:568)
at org.testng.internal.invokers.MethodInvocationHelper.invokeMethod(MethodInvocationHelper.java:139)
at org.testng.internal.invokers.TestInvoker.invokeMethod(TestInvoker.java:677)
at org.testng.internal.invokers.TestInvoker.invokeTestMethod(TestInvoker.java:221)
at org.testng.internal.invokers.MethodRunner.runInSequence(MethodRunner.java:50)
at org.testng.internal.invokers.TestInvoker$MethodInvocationAgent.invoke(TestInvoker.java:962)
at org.testng.internal.invokers.TestInvoker.invokeTestMethods(TestInvoker.java:194)
at org.testng.internal.invokers.TestMethodWorker.invokeTestMethods(TestMethodWorker.java:148)
at org.testng.internal.invokers.TestMethodWorker.run(TestMethodWorker.java:128)
at java.base/java.util.ArrayList.forEach(ArrayList.java:1511)
at org.testng.TestRunner.privateRun(TestRunner.java:806)
at org.testng.TestRunner.run(TestRunner.java:601)
at org.testng.SuiteRunner.runTest(SuiteRunner.java:433)
at org.testng.SuiteRunner.runSequentially(SuiteRunner.java:427)
at org.testng.SuiteRunner.privateRun(SuiteRunner.java:387)
at org.testng.SuiteRunner.run(SuiteRunner.java:330)
at org.testng.SuiteRunnerWorker.runSuite(SuiteRunnerWorker.java:52)
at org.testng.SuiteRunnerWorker.run(SuiteRunnerWorker.java:95)
at org.testng.TestNG.runSuitesSequentially(TestNG.java:1256)
at org.testng.TestNG.runSuitesLocally(TestNG.java:1176)
at org.testng.TestNG.runSuites(TestNG.java:1099)
at org.testng.TestNG.run(TestNG.java:1067)
at org.testng.remote.AbstractRemoteTestNG.run(AbstractRemoteTestNG.java:115)
at org.testng.remote.RemoteTestNG.initAndRun(RemoteTestNG.java:251)
at org.testng.remote.RemoteTestNG.main(RemoteTestNG.java:77)
]]>
            </full-stacktrace>
          </exception> <!-- java.lang.AssertionError -->
          <reporter-output>
          </reporter-output>
        </test-method> <!-- pictureAmount -->
      </class> <!-- NasaAPI -->
    </test> <!-- Default test -->
  </suite> <!-- Default suite -->
</testng-results>
